<?xml version="1.0" encoding="UTF-8"?>
<testsuites>
  <testsuite name="CodeIgniter Application Test Suite" tests="28" assertions="29" failures="0" errors="0" time="1.654280">
    <testsuite name="Controller_test" file="C:\xampp\htdocs\PELO\application\tests\controllers\Controller_test.php" fullPackage="Controller" tests="25" assertions="26" failures="0" errors="0" time="1.593190">
      <testcase name="test_login" class="Controller_test" file="C:\xampp\htdocs\PELO\application\tests\controllers\Controller_test.php" line="17" assertions="1" time="0.051213"/>
      <testcase name="test_index" class="Controller_test" file="C:\xampp\htdocs\PELO\application\tests\controllers\Controller_test.php" line="30" assertions="1" time="0.052973"/>
      <testcase name="test_index2" class="Controller_test" file="C:\xampp\htdocs\PELO\application\tests\controllers\Controller_test.php" line="41" assertions="1" time="0.048359"/>
      <testcase name="test_admin" class="Controller_test" file="C:\xampp\htdocs\PELO\application\tests\controllers\Controller_test.php" line="50" assertions="1" time="0.032631"/>
      <testcase name="test_contact" class="Controller_test" file="C:\xampp\htdocs\PELO\application\tests\controllers\Controller_test.php" line="59" assertions="1" time="0.038498"/>
      <testcase name="test_adminin" class="Controller_test" file="C:\xampp\htdocs\PELO\application\tests\controllers\Controller_test.php" line="68" assertions="1" time="0.035846"/>
      <testcase name="test_order" class="Controller_test" file="C:\xampp\htdocs\PELO\application\tests\controllers\Controller_test.php" line="77" assertions="1" time="0.044364"/>
      <testcase name="test_adminorder" class="Controller_test" file="C:\xampp\htdocs\PELO\application\tests\controllers\Controller_test.php" line="86" assertions="1" time="0.038939"/>
      <testcase name="test_admincontact" class="Controller_test" file="C:\xampp\htdocs\PELO\application\tests\controllers\Controller_test.php" line="95" assertions="1" time="0.038440"/>
      <testcase name="test_prod" class="Controller_test" file="C:\xampp\htdocs\PELO\application\tests\controllers\Controller_test.php" line="104" assertions="1" time="0.044040"/>
      <testcase name="test_readkatalog" class="Controller_test" file="C:\xampp\htdocs\PELO\application\tests\controllers\Controller_test.php" line="113" assertions="1" time="0.036447"/>
      <testcase name="test_getdetail" class="Controller_test" file="C:\xampp\htdocs\PELO\application\tests\controllers\Controller_test.php" line="122" assertions="1" time="0.044418"/>
      <testcase name="test_getdetail2" class="Controller_test" file="C:\xampp\htdocs\PELO\application\tests\controllers\Controller_test.php" line="131" assertions="1" time="0.031266"/>
      <testcase name="test_getdetail1" class="Controller_test" file="C:\xampp\htdocs\PELO\application\tests\controllers\Controller_test.php" line="140" assertions="1" time="0.057643"/>
      <testcase name="test_createcontact" class="Controller_test" file="C:\xampp\htdocs\PELO\application\tests\controllers\Controller_test.php" line="147" assertions="1" time="0.041814"/>
      <testcase name="test_createorder" class="Controller_test" file="C:\xampp\htdocs\PELO\application\tests\controllers\Controller_test.php" line="156" assertions="1" time="0.039810"/>
      <testcase name="test_createkatalog" class="Controller_test" file="C:\xampp\htdocs\PELO\application\tests\controllers\Controller_test.php" line="166" assertions="1" time="0.032857"/>
      <testcase name="test_dashboard" class="Controller_test" file="C:\xampp\htdocs\PELO\application\tests\controllers\Controller_test.php" line="175" assertions="1" time="0.036298"/>
      <testcase name="test_signup" class="Controller_test" file="C:\xampp\htdocs\PELO\application\tests\controllers\Controller_test.php" line="184" assertions="1" time="0.034656"/>
      <testcase name="test_contactus" class="Controller_test" file="C:\xampp\htdocs\PELO\application\tests\controllers\Controller_test.php" line="193" assertions="1" time="0.142229"/>
      <testcase name="test_createuser" class="Controller_test" file="C:\xampp\htdocs\PELO\application\tests\controllers\Controller_test.php" line="207" assertions="1" time="0.089699"/>
      <testcase name="test_updatekatalog" class="Controller_test" file="C:\xampp\htdocs\PELO\application\tests\controllers\Controller_test.php" line="224" assertions="1" time="0.063771"/>
      <testcase name="test_doupdate" class="Controller_test" file="C:\xampp\htdocs\PELO\application\tests\controllers\Controller_test.php" line="243" assertions="1" time="0.171286"/>
      <testcase name="test_create" class="Controller_test" file="C:\xampp\htdocs\PELO\application\tests\controllers\Controller_test.php" line="267" assertions="2" time="0.229969"/>
      <testcase name="test_orderr" class="Controller_test" file="C:\xampp\htdocs\PELO\application\tests\controllers\Controller_test.php" line="295" assertions="1" time="0.115724"/>
    </testsuite>
    <testsuite name="Welcome_test" file="C:\xampp\htdocs\PELO\application\tests\controllers\Welcome_test.php" fullPackage="Welcome" tests="3" assertions="3" failures="0" errors="0" time="0.061090">
      <testcase name="test_index" class="Welcome_test" file="C:\xampp\htdocs\PELO\application\tests\controllers\Welcome_test.php" line="13" assertions="1" time="0.023478"/>
      <testcase name="test_method_404" class="Welcome_test" file="C:\xampp\htdocs\PELO\application\tests\controllers\Welcome_test.php" line="19" assertions="1" time="0.020228"/>
      <testcase name="test_APPPATH" class="Welcome_test" file="C:\xampp\htdocs\PELO\application\tests\controllers\Welcome_test.php" line="25" assertions="1" time="0.017384"/>
    </testsuite>
  </testsuite>
</testsuites>
