<?xml version="1.0" encoding="UTF-8"?>
<testsuites>
  <testsuite name="CodeIgniter Application Test Suite" tests="28" assertions="29" failures="0" errors="0" time="1.840218">
    <testsuite name="Controller_test" file="C:\xampp\htdocs\PELO\application\tests\controllers\Controller_test.php" fullPackage="Controller" tests="25" assertions="26" failures="0" errors="0" time="1.750575">
      <testcase name="test_login" class="Controller_test" file="C:\xampp\htdocs\PELO\application\tests\controllers\Controller_test.php" line="17" assertions="1" time="0.062262"/>
      <testcase name="test_index" class="Controller_test" file="C:\xampp\htdocs\PELO\application\tests\controllers\Controller_test.php" line="29" assertions="1" time="0.065071"/>
      <testcase name="test_index2" class="Controller_test" file="C:\xampp\htdocs\PELO\application\tests\controllers\Controller_test.php" line="40" assertions="1" time="0.070745"/>
      <testcase name="test_admin" class="Controller_test" file="C:\xampp\htdocs\PELO\application\tests\controllers\Controller_test.php" line="49" assertions="1" time="0.040461"/>
      <testcase name="test_contact" class="Controller_test" file="C:\xampp\htdocs\PELO\application\tests\controllers\Controller_test.php" line="58" assertions="1" time="0.049616"/>
      <testcase name="test_adminin" class="Controller_test" file="C:\xampp\htdocs\PELO\application\tests\controllers\Controller_test.php" line="67" assertions="1" time="0.047990"/>
      <testcase name="test_order" class="Controller_test" file="C:\xampp\htdocs\PELO\application\tests\controllers\Controller_test.php" line="76" assertions="1" time="0.047631"/>
      <testcase name="test_adminorder" class="Controller_test" file="C:\xampp\htdocs\PELO\application\tests\controllers\Controller_test.php" line="85" assertions="1" time="0.043721"/>
      <testcase name="test_admincontact" class="Controller_test" file="C:\xampp\htdocs\PELO\application\tests\controllers\Controller_test.php" line="94" assertions="1" time="0.061230"/>
      <testcase name="test_prod" class="Controller_test" file="C:\xampp\htdocs\PELO\application\tests\controllers\Controller_test.php" line="103" assertions="1" time="0.056206"/>
      <testcase name="test_readkatalog" class="Controller_test" file="C:\xampp\htdocs\PELO\application\tests\controllers\Controller_test.php" line="112" assertions="1" time="0.046391"/>
      <testcase name="test_getdetail" class="Controller_test" file="C:\xampp\htdocs\PELO\application\tests\controllers\Controller_test.php" line="121" assertions="1" time="0.045520"/>
      <testcase name="test_getdetail2" class="Controller_test" file="C:\xampp\htdocs\PELO\application\tests\controllers\Controller_test.php" line="130" assertions="1" time="0.036043"/>
      <testcase name="test_getdetail1" class="Controller_test" file="C:\xampp\htdocs\PELO\application\tests\controllers\Controller_test.php" line="139" assertions="1" time="0.074458"/>
      <testcase name="test_createcontact" class="Controller_test" file="C:\xampp\htdocs\PELO\application\tests\controllers\Controller_test.php" line="146" assertions="1" time="0.044708"/>
      <testcase name="test_createorder" class="Controller_test" file="C:\xampp\htdocs\PELO\application\tests\controllers\Controller_test.php" line="155" assertions="1" time="0.046051"/>
      <testcase name="test_createkatalog" class="Controller_test" file="C:\xampp\htdocs\PELO\application\tests\controllers\Controller_test.php" line="165" assertions="1" time="0.054110"/>
      <testcase name="test_dashboard" class="Controller_test" file="C:\xampp\htdocs\PELO\application\tests\controllers\Controller_test.php" line="174" assertions="1" time="0.044021"/>
      <testcase name="test_signup" class="Controller_test" file="C:\xampp\htdocs\PELO\application\tests\controllers\Controller_test.php" line="183" assertions="1" time="0.038068"/>
      <testcase name="test_contactus" class="Controller_test" file="C:\xampp\htdocs\PELO\application\tests\controllers\Controller_test.php" line="192" assertions="1" time="0.127591"/>
      <testcase name="test_createuser" class="Controller_test" file="C:\xampp\htdocs\PELO\application\tests\controllers\Controller_test.php" line="206" assertions="1" time="0.129622"/>
      <testcase name="test_updatekatalog" class="Controller_test" file="C:\xampp\htdocs\PELO\application\tests\controllers\Controller_test.php" line="223" assertions="1" time="0.057752"/>
      <testcase name="test_doupdate" class="Controller_test" file="C:\xampp\htdocs\PELO\application\tests\controllers\Controller_test.php" line="242" assertions="1" time="0.132642"/>
      <testcase name="test_create" class="Controller_test" file="C:\xampp\htdocs\PELO\application\tests\controllers\Controller_test.php" line="266" assertions="2" time="0.196686"/>
      <testcase name="test_orderr" class="Controller_test" file="C:\xampp\htdocs\PELO\application\tests\controllers\Controller_test.php" line="294" assertions="1" time="0.131979"/>
    </testsuite>
    <testsuite name="Welcome_test" file="C:\xampp\htdocs\PELO\application\tests\controllers\Welcome_test.php" fullPackage="Welcome" tests="3" assertions="3" failures="0" errors="0" time="0.089643">
      <testcase name="test_index" class="Welcome_test" file="C:\xampp\htdocs\PELO\application\tests\controllers\Welcome_test.php" line="13" assertions="1" time="0.031278"/>
      <testcase name="test_method_404" class="Welcome_test" file="C:\xampp\htdocs\PELO\application\tests\controllers\Welcome_test.php" line="19" assertions="1" time="0.033265"/>
      <testcase name="test_APPPATH" class="Welcome_test" file="C:\xampp\htdocs\PELO\application\tests\controllers\Welcome_test.php" line="25" assertions="1" time="0.025100"/>
    </testsuite>
  </testsuite>
</testsuites>
